Arguments: 
  /usr/local/bin/node /usr/local/bin/yarn add babel-loader babel-core babel-present-es2015 babel-present-react --dev

PATH: 
  /opt/homebrew/bin:/opt/homebrew/sbin:/usr/local/bin:/usr/bin:/bin:/usr/sbin:/sbin:/usr/local/share/dotnet:~/.dotnet/tools:/opt/homebrew/bin:/opt/homebrew/sbin

Yarn version: 
  1.22.19

Node version: 
  18.13.0

Platform: 
  darwin arm64

Trace: 
  Error: https://registry.npmjs.org/babel-present-es2015: Not found
      at params.callback [as _callback] (/usr/local/lib/node_modules/yarn/lib/cli.js:66145:18)
      at self.callback (/usr/local/lib/node_modules/yarn/lib/cli.js:140890:22)
      at Request.emit (node:events:513:28)
      at Request.<anonymous> (/usr/local/lib/node_modules/yarn/lib/cli.js:141862:10)
      at Request.emit (node:events:513:28)
      at IncomingMessage.<anonymous> (/usr/local/lib/node_modules/yarn/lib/cli.js:141784:12)
      at Object.onceWrapper (node:events:627:28)
      at IncomingMessage.emit (node:events:525:35)
      at endReadableNT (node:internal/streams/readable:1359:12)
      at process.processTicksAndRejections (node:internal/process/task_queues:82:21)

npm manifest: 
  {
    "proxy": "http://localhost:5000/",
    "name": "node-react-app",
    "version": "0.1.0",
    "private": true,
    "dependencies": {
      "@date-io/date-fns": "^1.3.13",
      "@date-io/jalaali": "^2.16.1",
      "@emotion/react": "^11.10.5",
      "@emotion/styled": "^11.10.5",
      "@material-ui/core": "^4.0.0",
      "@material-ui/icons": "^4.0.0",
      "@material-ui/lab": "^4.0.0-alpha.13",
      "@material-ui/styles": "^4.0.0",
      "@material/ripple": "^4.0.0",
      "@mui/icons-material": "^5.11.0",
      "@mui/material": "^5.11.7",
      "@mui/x-date-pickers": "^5.0.17",
      "@unicef/material-ui-currency-textfield": "^0.8.6",
      "autosuggest-highlight": "^3.3.4",
      "date-fns": "^2.0.0-beta.5",
      "dayjs": "^1.11.7",
      "firebase": "^9.17.1",
      "install": "^0.12.2",
      "material-react-toastify": "^2.0.1",
      "mathjs": "^5.10.3",
      "moment": "^2.29.4",
      "moment-jalaali": "^0.9.6",
      "node-fetch": "^2.6.1",
      "prop-types": "^15.7.2",
      "react": "^16.8.6",
      "react-dom": "^16.8.6",
      "react-google-autocomplete": "^2.7.2",
      "react-gsap": "^1.2.0",
      "react-hot-loader": "^4.12.19",
      "react-redux": "^7.1.0",
      "react-router-dom": "^5.0.1",
      "react-scripts": "^3.4.0",
      "react-toastify": "^9.1.1",
      "react-with-firebase-auth": "^1.0.3",
      "recompose": "^0.30.0",
      "typeface-roboto": "^0.0.54",
      "uuid": "^8.3.2",
      "yarn": "^1.22.19"
    },
    "scripts": {
      "start": "react-scripts --openssl-legacy-provider start",
      "build": "react-scripts build",
      "test": "react-scripts test",
      "eject": "react-scripts eject"
    },
    "eslintConfig": {
      "extends": "react-app"
    },
    "browserslist": {
      "production": [
        ">0.2%",
        "not dead",
        "not op_mini all"
      ],
      "development": [
        "last 1 chrome version",
        "last 1 firefox version",
        "last 1 safari version"
      ]
    }
  }

yarn manifest: 
  No manifest

Lockfile: 
  No lockfile
